<?xml version="1.0" encoding="UTF-8"?>
<testsuite name="Test Circle" tests="4" skipped="0" failures="0" errors="0" timestamp="2023-08-27T00:17:08" hostname="DESKTOP-DKN2RU7" time="0.028">
  <properties/>
  <testcase name="testShowFigure()" classname="com.testing.shape.ShapeCollectorTestSuite$TestFigures2" time="0.016"/>
  <testcase name="testRemoveFigure()" classname="com.testing.shape.ShapeCollectorTestSuite$TestFigures2" time="0.005"/>
  <testcase name="testAddFigure()" classname="com.testing.shape.ShapeCollectorTestSuite$TestFigures2" time="0.002"/>
  <testcase name="testGetFigure()" classname="com.testing.shape.ShapeCollectorTestSuite$TestFigures2" time="0.001"/>
  <system-out><![CDATA[Preparing to execute test #1
Preparing to execute test #2
Preparing to execute test #3
Preparing to execute test #4
]]></system-out>
  <system-err><![CDATA[]]></system-err>
</testsuite>
