<?xml version="1.0" encoding="UTF-8"?>
<testsuite name="Test Square" tests="4" skipped="0" failures="0" errors="0" timestamp="2023-08-27T00:17:08" hostname="DESKTOP-DKN2RU7" time="0.008">
  <properties/>
  <testcase name="testShowFigure()" classname="com.testing.shape.ShapeCollectorTestSuite$TestFigures1" time="0.002"/>
  <testcase name="testRemoveFigure()" classname="com.testing.shape.ShapeCollectorTestSuite$TestFigures1" time="0.001"/>
  <testcase name="testAddFigure()" classname="com.testing.shape.ShapeCollectorTestSuite$TestFigures1" time="0.001"/>
  <testcase name="testGetFigure()" classname="com.testing.shape.ShapeCollectorTestSuite$TestFigures1" time="0.001"/>
  <system-out><![CDATA[Preparing to execute test #5
Preparing to execute test #6
Preparing to execute test #7
Preparing to execute test #8
]]></system-out>
  <system-err><![CDATA[]]></system-err>
</testsuite>
